#TYPE System.IO.FileInfo
"PSPath","PSParentPath","PSChildName","PSDrive","PSProvider","PSIsContainer","Mode","VersionInfo","BaseName","Target","LinkType","Name","Length","DirectoryName","Directory","IsReadOnly","Exists","FullName","Extension","CreationTime","CreationTimeUtc","LastAccessTime","LastAccessTimeUtc","LastWriteTime","LastWriteTimeUtc","Attributes"
"Microsoft.PowerShell.Core\FileSystem::C:\Users\champuser\SYS320-01\week2\champlain.ps1","Microsoft.PowerShell.Core\FileSystem::C:\Users\champuser\SYS320-01\week2","champlain.ps1","C","Microsoft.PowerShell.Core\FileSystem","False","-a----","File:             C:\Users\champuser\SYS320-01\week2\champlain.ps1
InternalName:     
OriginalFilename: 
FileVersion:      
FileDescription:  
Product:          
ProductVersion:   
Debug:            False
Patched:          False
PreRelease:       False
PrivateBuild:     False
SpecialBuild:     False
Language:         
","champlain","System.Collections.Generic.List`1[System.String]",,"champlain.ps1","216","C:\Users\champuser\SYS320-01\week2","C:\Users\champuser\SYS320-01\week2","False","True","C:\Users\champuser\SYS320-01\week2\champlain.ps1",".ps1","1/22/2025 1:33:54 PM","1/22/2025 6:33:54 PM","1/22/2025 1:49:20 PM","1/22/2025 6:49:20 PM","1/22/2025 1:49:20 PM","1/22/2025 6:49:20 PM","Archive"
"Microsoft.PowerShell.Core\FileSystem::C:\Users\champuser\SYS320-01\week2\Ethernet.ps1","Microsoft.PowerShell.Core\FileSystem::C:\Users\champuser\SYS320-01\week2","Ethernet.ps1","C","Microsoft.PowerShell.Core\FileSystem","False","-a----","File:             C:\Users\champuser\SYS320-01\week2\Ethernet.ps1
InternalName:     
OriginalFilename: 
FileVersion:      
FileDescription:  
Product:          
ProductVersion:   
Debug:            False
Patched:          False
PreRelease:       False
PrivateBuild:     False
SpecialBuild:     False
Language:         
","Ethernet","System.Collections.Generic.List`1[System.String]",,"Ethernet.ps1","812","C:\Users\champuser\SYS320-01\week2","C:\Users\champuser\SYS320-01\week2","False","True","C:\Users\champuser\SYS320-01\week2\Ethernet.ps1",".ps1","1/22/2025 2:10:32 PM","1/22/2025 7:10:32 PM","1/27/2025 12:34:58 PM","1/27/2025 5:34:58 PM","1/27/2025 12:34:58 PM","1/27/2025 5:34:58 PM","Archive"
"Microsoft.PowerShell.Core\FileSystem::C:\Users\champuser\SYS320-01\week2\PS Lab 1.ps1","Microsoft.PowerShell.Core\FileSystem::C:\Users\champuser\SYS320-01\week2","PS Lab 1.ps1","C","Microsoft.PowerShell.Core\FileSystem","False","-a----","File:             C:\Users\champuser\SYS320-01\week2\PS Lab 1.ps1
InternalName:     
OriginalFilename: 
FileVersion:      
FileDescription:  
Product:          
ProductVersion:   
Debug:            False
Patched:          False
PreRelease:       False
PrivateBuild:     False
SpecialBuild:     False
Language:         
","PS Lab 1","System.Collections.Generic.List`1[System.String]",,"PS Lab 1.ps1","519","C:\Users\champuser\SYS320-01\week2","C:\Users\champuser\SYS320-01\week2","False","True","C:\Users\champuser\SYS320-01\week2\PS Lab 1.ps1",".ps1","1/28/2025 3:40:35 PM","1/28/2025 8:40:35 PM","1/28/2025 4:02:48 PM","1/28/2025 9:02:48 PM","1/28/2025 4:02:48 PM","1/28/2025 9:02:48 PM","Archive"
"Microsoft.PowerShell.Core\FileSystem::C:\Users\champuser\SYS320-01\week2\stopped_serv.ps1","Microsoft.PowerShell.Core\FileSystem::C:\Users\champuser\SYS320-01\week2","stopped_serv.ps1","C","Microsoft.PowerShell.Core\FileSystem","False","-a----","File:             C:\Users\champuser\SYS320-01\week2\stopped_serv.ps1
InternalName:     
OriginalFilename: 
FileVersion:      
FileDescription:  
Product:          
ProductVersion:   
Debug:            False
Patched:          False
PreRelease:       False
PrivateBuild:     False
SpecialBuild:     False
Language:         
","stopped_serv","System.Collections.Generic.List`1[System.String]",,"stopped_serv.ps1","311","C:\Users\champuser\SYS320-01\week2","C:\Users\champuser\SYS320-01\week2","False","True","C:\Users\champuser\SYS320-01\week2\stopped_serv.ps1",".ps1","1/22/2025 1:18:20 PM","1/22/2025 6:18:20 PM","1/22/2025 1:32:09 PM","1/22/2025 6:32:09 PM","1/22/2025 1:32:09 PM","1/22/2025 6:32:09 PM","Archive"
